0 info it worked if it ends with ok
1 verbose cli [ 'C:\\Program Files\\nodejs\\node.exe',
1 verbose cli   'C:\\Program Files\\nodejs\\node_modules\\npm\\bin\\npm-cli.js',
1 verbose cli   'install',
1 verbose cli   'git+https://github.com/RiptideElements/s3fs.git' ]
2 info using npm@3.6.0
3 info using node@v5.7.1
4 silly loadCurrentTree Starting
5 silly install loadCurrentTree
6 silly install readLocalPackageData
7 silly fetchPackageMetaData git+https://github.com/RiptideElements/s3fs.git
8 silly fetchOtherPackageData git+https://github.com/RiptideElements/s3fs.git
9 silly cache add args [ 'git+https://github.com/RiptideElements/s3fs.git', null ]
10 verbose cache add spec git+https://github.com/RiptideElements/s3fs.git
11 silly cache add parsed spec Result {
11 silly cache add   raw: 'git+https://github.com/RiptideElements/s3fs.git',
11 silly cache add   scope: null,
11 silly cache add   name: null,
11 silly cache add   rawSpec: 'git+https://github.com/RiptideElements/s3fs.git',
11 silly cache add   spec: 'git+https://github.com/RiptideElements/s3fs.git',
11 silly cache add   type: 'hosted',
11 silly cache add   hosted:
11 silly cache add    { type: 'github',
11 silly cache add      ssh: 'git@github.com:RiptideElements/s3fs.git',
11 silly cache add      sshUrl: 'git+ssh://git@github.com/RiptideElements/s3fs.git',
11 silly cache add      httpsUrl: 'git+https://github.com/RiptideElements/s3fs.git',
11 silly cache add      gitUrl: 'git://github.com/RiptideElements/s3fs.git',
11 silly cache add      shortcut: 'github:RiptideElements/s3fs',
11 silly cache add      directUrl: 'https://raw.githubusercontent.com/RiptideElements/s3fs/master/package.json' } }
12 verbose addRemoteGit caching git+https://github.com/RiptideElements/s3fs.git
13 verbose addRemoteGit git+https://github.com/RiptideElements/s3fs.git is a repository hosted by github
14 silly tryClone cloning git+https://github.com/RiptideElements/s3fs.git via git+https://github.com/RiptideElements/s3fs.git
15 verbose tryClone git-https-github-com-RiptideElements-s3fs-git-ba48f82a not in flight; caching
16 verbose correctMkdir C:\Users\LENOVO\AppData\Roaming\npm-cache\_git-remotes correctMkdir not in flight; initializing
17 error git clone --template=C:\Users\LENOVO\AppData\Roaming\npm-cache\_git-remotes\_templates --mirror https://github.com/RiptideElements/s3fs.git C:\Users\LENOVO\AppData\Roaming\npm-cache\_git-remotes\git-https-github-com-RiptideElements-s3fs-git-ba48f82a: undefined
17 error git clone --template=C:\Users\LENOVO\AppData\Roaming\npm-cache\_git-remotes\_templates --mirror https://github.com/RiptideElements/s3fs.git C:\Users\LENOVO\AppData\Roaming\npm-cache\_git-remotes\git-https-github-com-RiptideElements-s3fs-git-ba48f82a: undefined
18 silly fetchPackageMetaData Error: not found: git
18 silly fetchPackageMetaData     at F (C:\Program Files\nodejs\node_modules\npm\node_modules\which\which.js:78:19)
18 silly fetchPackageMetaData     at E (C:\Program Files\nodejs\node_modules\npm\node_modules\which\which.js:87:29)
18 silly fetchPackageMetaData     at C:\Program Files\nodejs\node_modules\npm\node_modules\which\which.js:98:16
18 silly fetchPackageMetaData     at FSReqWrap.oncomplete (fs.js:82:15)
18 silly fetchPackageMetaData  error for git+https://github.com/RiptideElements/s3fs.git { [Error: not found: git] code: 'ENOGIT' }
19 silly rollbackFailedOptional Starting
20 silly rollbackFailedOptional Finishing
21 silly runTopLevelLifecycles Starting
22 silly runTopLevelLifecycles Finishing
23 silly install printInstalled
24 verbose stack Error: not found: git
24 verbose stack     at F (C:\Program Files\nodejs\node_modules\npm\node_modules\which\which.js:78:19)
24 verbose stack     at E (C:\Program Files\nodejs\node_modules\npm\node_modules\which\which.js:87:29)
24 verbose stack     at C:\Program Files\nodejs\node_modules\npm\node_modules\which\which.js:98:16
24 verbose stack     at FSReqWrap.oncomplete (fs.js:82:15)
25 verbose cwd F:\logins
26 error Windows_NT 10.0.14393
27 error argv "C:\\Program Files\\nodejs\\node.exe" "C:\\Program Files\\nodejs\\node_modules\\npm\\bin\\npm-cli.js" "install" "git+https://github.com/RiptideElements/s3fs.git"
28 error node v5.7.1
29 error npm  v3.6.0
30 error code ENOGIT
31 error not found: git
32 error Failed using git.
32 error This is most likely not a problem with npm itself.
32 error Please check if you have git installed and in your PATH.
33 verbose exit [ 1, true ]
